2024-05-05 11:44:11 - Neovide panicked with the message 'Could not parse event from neovim: invalid event format for event 'hl_attr_define' - [Integer(PosInt(4914)), Map([(String(Utf8String { s: Ok("underline") }), Boolean(true)), (String(Utf8String { s: Ok("foreground") }), Integer(PosInt(5330797))), (String(Utf8String { s: Ok("background") }), Integer(PosInt(2698300))), (String(Utf8String { s: Ok("special") }), Integer(PosInt(4277593)))]), Map([(String(Utf8String { s: Ok("underline") }), Boolean(true))]), Array([Map([(String(Utf8String { s: Ok("kind") }), String(Utf8String { s: Ok("ui") })), (String(Utf8String { s: Ok("ui_name") }), String(Utf8String { s: Ok("NormalNC") })), (String(Utf8String { s: Ok("hi_name") }), String(Utf8String { s: Ok("NormalNC") })), (String(Utf8String { s: Ok("id") }), Integer(PosInt(1029)))]), Map([(String(Utf8String { s: Ok("kind") }), String(Utf8String { s: Ok("ui") })), (String(Utf8String { s: Ok("ui_name") }), String(Utf8String { s: Ok("NormalFloat") })), (String(Utf8String { s: Ok("hi_name") }), String(Utf8String { s: Ok("NormalFloat") })), (String(Utf8String { s: Ok("id") }), Integer(PosInt(2428)))]), Map([(String(Utf8String { s: Ok("kind") }), String(Utf8String { s: Ok("syntax") })), (String(Utf8String { s: Ok("hi_name") }), String(Utf8String { s: Ok("TreesitterContextLineNumber") })), (String(Utf8String { s: Ok("id") }), Integer(PosInt(941)))]), Map([(String(Utf8String { s: Ok("kind") }), String(Utf8String { s: Ok("syntax") })), (String(Utf8String { s: Ok("hi_name") }), String(Utf8String { s: Ok("TreesitterContextBottom") })), (String(Utf8String { s: Ok("id") }), Integer(PosInt(940)))]), Map([(String(Utf8String { s: Ok("kind") }), String(Utf8String { s: Ok("syntax") })), (String(Utf8String { s: Ok("hi_name") }), String(Utf8String { s: Ok("TreesitterContextBottom") })), (String(Utf8String { s: Ok("id") }), Integer(PosInt(940)))]), Map([(String(Utf8String { s: Ok("kind") }), String(Utf8String { s: Ok("syntax") })), (String(Utf8String { s: Ok("hi_name") }), String(Utf8String { s: Ok("TreesitterContextLineNumber") })), (String(Utf8String { s: Ok("id") }), Integer(PosInt(941)))]), Map([(String(Utf8String { s: Ok("kind") }), String(Utf8String { s: Ok("syntax") })), (String(Utf8String { s: Ok("hi_name") }), String(Utf8String { s: Ok("TreesitterContextBottom") })), (String(Utf8String { s: Ok("id") }), Integer(PosInt(940)))]), Map([(String(Utf8String { s: Ok("kind") }), String(Utf8String { s: Ok("syntax") })), (String(Utf8String { s: Ok("hi_name") }), String(Utf8String { s: Ok("TreesitterContextLineNumber") })), (String(Utf8String { s: Ok("id") }), Integer(PosInt(941)))]), Map([(String(Utf8String { s: Ok("kind") }), String(Utf8String { s: Ok("syntax") })), (String(Utf8String { s: Ok("hi_name") }), String(Utf8String { s: Ok("TreesitterContextBottom") })), (String(Utf8String { s: Ok("id") }), Integer(PosInt(940)))]), Map([(String(Utf8String { s: Ok("kind") }), String(Utf8String { s: Ok("syntax") })), (String(Utf8String { s: Ok("hi_name") }), String(Utf8String { s: Ok("TreesitterContextLineNumber") })), (String(Utf8String { s: Ok("id") }), Integer(PosInt(941)))]), Map([(String(Utf8String { s: Ok("kind") }), String(Utf8String { s: Ok("syntax") })), (String(Utf8String { s: Ok("hi_name") }), String(Utf8String { s: Ok("TreesitterContextBottom") })), (String(Utf8String { s: Ok("id") }), Integer(PosInt(940)))]), Map([(String(Utf8String { s: Ok("kind") }), String(Utf8String { s: Ok("syntax") })), (String(Utf8String { s: Ok("hi_name") }), String(Utf8String { s: Ok("TreesitterContextLineNumber") })), (String(Utf8String { s: Ok("id") }), Integer(PosInt(941)))]), Map([(String(Utf8String { s: Ok("kind") }), String(Utf8String { s: Ok("syntax") })), (String(Utf8String { s: Ok("hi_name") }), String(Utf8String { s: Ok("TreesitterContextBottom") })), (String(Utf8String { s: Ok("id") }), Integer(PosInt(940)))]), Map([(String(Utf8String { s: Ok("kind") }), String(Utf8String { s: Ok("syntax") })), (String(Utf8String { s: Ok("hi_name") }), String(Utf8String { s: Ok("TreesitterContextLineNumber") })), (String(Utf8String { s: Ok("id") }), Integer(PosInt(941)))]), Map([(String(Utf8String { s: Ok("kind") }), String(Utf8String { s: Ok("syntax") })), (String(Utf8String { s: Ok("hi_name") }), String(Utf8String { s: Ok("TreesitterContextBottom") })), (String(Utf8String { s: Ok("id") }), Integer(PosInt(940)))]), Map([(String(Utf8String { s: Ok("kind") }), String(Utf8String { s: Ok("syntax") })), (String(Utf8String { s: Ok("hi_name") }), String(Utf8String { s: Ok("TreesitterContextLineNumber") })), (String(Utf8String { s: Ok("id") }), Integer(PosInt(941)))]), Map([(String(Utf8String { s: Ok("kind") }), String(Utf8String { s: Ok("syntax") })), (String(Utf8String { s: Ok("hi_name") }), String(Utf8String { s: Ok("TreesitterContextLineNumber") })), (String(Utf8String { s: Ok("id") }), Integer(PosInt(941)))]), Array([Integer(PosInt(1)), Integer(PosInt(2225)), Nil, Nil])])] - invalid map format [1, 2225, nil, nil]'. (File: src\error_handling.rs; Line: 20, Column: 5)
   0: <unknown>
   1: <unknown>
   2: <unknown>
   3: <unknown>
   4: <unknown>
   5: <unknown>
   6: <unknown>
   7: <unknown>
   8: <unknown>
   9: <unknown>
  10: <unknown>
  11: <unknown>
  12: <unknown>
  13: <unknown>
  14: <unknown>
  15: <unknown>
  16: <unknown>
  17: <unknown>
  18: BaseThreadInitThunk
  19: RtlUserThreadStart

